TN:
SF:/Users/maxchehab/projects/9ight/src/index.ts
FNF:0
FNH:0
DA:1,0
DA:2,0
LF:2
LH:0
BRF:0
BRH:0
end_of_record
TN:
SF:/Users/maxchehab/projects/9ight/src/@types/eval.d.ts
FNF:0
FNH:0
LF:0
LH:0
BRF:0
BRH:0
end_of_record
TN:
SF:/Users/maxchehab/projects/9ight/src/common/index.ts
FNF:0
FNH:0
DA:1,1
DA:2,1
DA:4,1
LF:3
LH:3
BRF:0
BRH:0
end_of_record
TN:
SF:/Users/maxchehab/projects/9ight/src/common/constants/index.ts
FNF:0
FNH:0
DA:1,3
DA:2,3
LF:2
LH:2
BRF:0
BRH:0
end_of_record
TN:
SF:/Users/maxchehab/projects/9ight/src/common/constants/parameter-type.enum.ts
FN:1,(anonymous_0)
FNF:1
FNH:1
FNDA:3,(anonymous_0)
DA:1,3
DA:2,3
DA:3,3
DA:4,3
DA:5,3
DA:6,3
LF:6
LH:6
BRDA:1,0,0,3
BRDA:1,0,1,3
BRF:2
BRH:2
end_of_record
TN:
SF:/Users/maxchehab/projects/9ight/src/common/constants/request-method.enum.ts
FN:1,(anonymous_0)
FNF:1
FNH:1
FNDA:3,(anonymous_0)
DA:1,3
DA:2,3
DA:3,3
DA:4,3
DA:5,3
DA:6,3
DA:7,3
DA:8,3
DA:9,3
DA:10,3
LF:10
LH:10
BRDA:1,0,0,3
BRDA:1,0,1,3
BRF:2
BRH:2
end_of_record
TN:
SF:/Users/maxchehab/projects/9ight/src/common/decorators/index.ts
FNF:0
FNH:0
DA:1,1
DA:2,1
LF:2
LH:2
BRF:0
BRH:0
end_of_record
TN:
SF:/Users/maxchehab/projects/9ight/src/common/decorators/method-mapping.decorators.ts
FN:6,createMethodMappingDecorator
FN:7,(anonymous_2)
FN:8,(anonymous_3)
FNF:3
FNH:3
FNDA:9,createMethodMappingDecorator
FNDA:11,(anonymous_2)
FNDA:11,(anonymous_3)
DA:1,1
DA:4,1
DA:7,9
DA:8,11
DA:9,11
DA:10,11
DA:13,11
DA:25,1
DA:30,1
DA:35,1
DA:40,1
DA:45,1
DA:50,1
DA:55,1
DA:60,1
DA:65,1
LF:16
LH:16
BRDA:7,0,0,9
BRDA:9,1,0,11
BRDA:9,1,1,0
BRF:3
BRH:2
end_of_record
TN:
SF:/Users/maxchehab/projects/9ight/src/common/decorators/parameter-mapping.decorators.ts
FN:12,createParameterMappingDecorator
FN:16,(anonymous_8)
FN:46,(anonymous_9)
FN:49,(anonymous_10)
FN:49,(anonymous_11)
FN:66,(anonymous_12)
FN:69,(anonymous_13)
FN:69,(anonymous_14)
FN:86,(anonymous_15)
FN:89,(anonymous_16)
FN:89,(anonymous_17)
FN:105,(anonymous_18)
FN:108,(anonymous_19)
FN:108,(anonymous_20)
FN:116,(anonymous_21)
FN:119,(anonymous_22)
FN:119,(anonymous_23)
FNF:17
FNH:11
FNDA:4,createParameterMappingDecorator
FNDA:4,(anonymous_8)
FNDA:1,(anonymous_9)
FNDA:1,(anonymous_10)
FNDA:1,(anonymous_11)
FNDA:0,(anonymous_12)
FNDA:0,(anonymous_13)
FNDA:0,(anonymous_14)
FNDA:2,(anonymous_15)
FNDA:2,(anonymous_16)
FNDA:2,(anonymous_17)
FNDA:0,(anonymous_18)
FNDA:0,(anonymous_19)
FNDA:0,(anonymous_20)
FNDA:1,(anonymous_21)
FNDA:1,(anonymous_22)
FNDA:1,(anonymous_23)
DA:8,1
DA:16,4
DA:21,4
DA:23,4
DA:24,3
DA:31,4
DA:33,4
DA:39,4
DA:46,1
DA:47,1
DA:49,1
DA:50,1
DA:51,0
DA:53,0
DA:55,0
DA:59,1
DA:66,1
DA:67,0
DA:69,0
DA:70,0
DA:71,0
DA:73,0
DA:75,0
DA:79,0
DA:86,1
DA:87,2
DA:89,2
DA:90,2
DA:91,0
DA:93,0
DA:94,0
DA:98,2
DA:105,1
DA:106,0
DA:108,0
DA:109,0
DA:116,1
DA:117,1
DA:119,1
DA:120,1
LF:40
LH:24
BRDA:23,0,0,3
BRDA:23,0,1,1
BRDA:31,1,0,4
BRDA:31,1,1,3
BRDA:50,2,0,0
BRDA:50,2,1,1
BRDA:53,3,0,0
BRDA:53,3,1,0
BRDA:59,4,0,1
BRDA:59,4,1,0
BRDA:70,5,0,0
BRDA:70,5,1,0
BRDA:73,6,0,0
BRDA:73,6,1,0
BRDA:79,7,0,0
BRDA:79,7,1,0
BRDA:90,8,0,0
BRDA:90,8,1,2
BRDA:93,9,0,0
BRDA:93,9,1,0
BRDA:98,10,0,2
BRDA:98,10,1,0
BRF:22
BRH:8
end_of_record
TN:
SF:/Users/maxchehab/projects/9ight/src/common/utils/find-method-and-params.util.ts
FN:8,match
FN:18,valuesToParams
FN:19,(anonymous_2)
FN:27,findMethodAndParams
FN:33,(anonymous_4)
FNF:5
FNH:5
FNDA:18,match
FNDA:10,valuesToParams
FNDA:5,(anonymous_2)
FNDA:12,findMethodAndParams
FNDA:18,(anonymous_4)
DA:2,3
DA:9,18
DA:10,18
DA:11,18
DA:13,18
DA:14,10
DA:19,10
DA:20,5
DA:21,5
DA:27,3
DA:31,12
DA:33,12
DA:34,18
DA:36,18
DA:37,10
DA:38,10
DA:42,12
LF:17
LH:17
BRDA:13,0,0,10
BRDA:13,0,1,8
BRDA:20,1,0,0
BRDA:20,1,1,5
BRDA:36,2,0,10
BRDA:36,2,1,8
BRF:6
BRH:5
end_of_record
TN:
SF:/Users/maxchehab/projects/9ight/src/common/utils/generate-url-from-methods.util.ts
FN:6,generateUrlFromMethods
FN:13,(anonymous_2)
FNF:2
FNH:2
FNDA:13,generateUrlFromMethods
FNDA:21,(anonymous_2)
DA:1,3
DA:2,3
DA:6,3
DA:7,13
DA:8,1
DA:11,12
DA:13,21
DA:17,12
DA:18,12
DA:19,12
DA:24,12
LF:11
LH:11
BRDA:7,0,0,1
BRDA:7,0,1,12
BRF:2
BRH:2
end_of_record
TN:
SF:/Users/maxchehab/projects/9ight/src/common/utils/index.ts
FNF:0
FNH:0
DA:1,3
DA:2,3
LF:2
LH:2
BRF:0
BRH:0
end_of_record
TN:
SF:/Users/maxchehab/projects/9ight/src/core/index.ts
FNF:0
FNH:0
DA:1,1
DA:2,1
LF:2
LH:2
BRF:0
BRH:0
end_of_record
TN:
SF:/Users/maxchehab/projects/9ight/src/core/lambda.ts
FN:12,Lambda
FN:23,(anonymous_15)
FN:23,(anonymous_16)
FN:30,(anonymous_17)
FNF:4
FNH:4
FNDA:12,Lambda
FNDA:10,(anonymous_15)
FNDA:10,(anonymous_16)
FNDA:9,(anonymous_17)
DA:2,1
DA:4,1
DA:12,1
DA:15,12
DA:17,12
DA:18,1
DA:23,11
DA:24,10
DA:25,1
DA:28,9
DA:29,9
DA:30,9
DA:33,9
DA:34,9
DA:35,9
DA:36,9
DA:38,9
DA:39,1
DA:42,8
DA:43,8
DA:45,8
DA:46,4
DA:49,8
DA:51,8
DA:52,1
DA:55,7
DA:57,7
DA:59,2
DA:60,2
DA:64,7
DA:66,7
DA:67,5
DA:70,2
LF:33
LH:33
BRDA:17,0,0,1
BRDA:17,0,1,11
BRDA:19,1,0,0
BRDA:19,1,1,1
BRDA:19,2,0,1
BRDA:19,2,1,1
BRDA:24,3,0,1
BRDA:24,3,1,9
BRDA:28,4,0,0
BRDA:28,4,1,9
BRDA:28,5,0,9
BRDA:28,5,1,9
BRDA:29,6,0,0
BRDA:29,6,1,9
BRDA:29,7,0,9
BRDA:29,7,1,9
BRDA:35,8,0,1
BRDA:35,8,1,8
BRDA:35,9,0,9
BRDA:35,9,1,9
BRDA:38,10,0,1
BRDA:38,10,1,8
BRDA:43,11,0,8
BRDA:43,11,1,5
BRDA:43,12,0,5
BRDA:43,12,1,3
BRDA:43,13,0,8
BRDA:43,13,1,8
BRDA:51,14,0,1
BRDA:51,14,1,7
BRDA:58,15,0,2
BRDA:66,16,0,5
BRDA:66,16,1,2
BRF:33
BRH:30
end_of_record
TN:
SF:/Users/maxchehab/projects/9ight/src/core/rewrites.ts
FN:14,rewrites
FN:21,(anonymous_17)
FN:49,(anonymous_18)
FN:61,(anonymous_19)
FN:63,(anonymous_20)
FNF:5
FNH:0
FNDA:0,rewrites
FNDA:0,(anonymous_17)
FNDA:0,(anonymous_18)
FNDA:0,(anonymous_19)
FNDA:0,(anonymous_20)
DA:1,1
DA:2,1
DA:3,1
DA:4,1
DA:5,1
DA:14,1
DA:15,0
DA:16,0
DA:17,0
DA:19,0
DA:21,0
DA:22,0
DA:25,0
DA:26,0
DA:27,0
DA:29,0
DA:31,0
DA:32,0
DA:33,0
DA:35,0
DA:36,0
DA:38,0
DA:39,0
DA:42,0
DA:44,0
DA:45,0
DA:46,0
DA:47,0
DA:49,0
DA:50,0
DA:57,0
DA:61,0
DA:62,0
DA:64,0
DA:67,0
DA:68,0
DA:71,0
LF:37
LH:6
BRDA:38,0,0,0
BRDA:38,0,1,0
BRDA:45,1,0,0
BRDA:45,1,1,0
BRDA:64,2,0,0
BRDA:64,2,1,0
BRDA:67,3,0,0
BRDA:67,3,1,0
BRF:8
BRH:0
end_of_record
